Using pre-set license
Built from '2020.3/staging' branch; Version is '2020.3.11f1 (99c7afb366b3) revision 10078127'; Using compiler version '192528614'; Build Type 'Release'
OS: 'Windows 10 Education; OS build 19041.1052; Version 2004; 64bit' Language: 'ru' Physical Memory: 15805 MB
BatchMode: 1, IsHumanControllingUs: 0, StartBugReporterOnCrash: 0, Is64bit: 1, IsPro: 0

 COMMAND LINE ARGUMENTS:
C:\Program Files\Unity\Hub\Editor\2020.3.11f1\Editor\Unity.exe
-adb2
-batchMode
-noUpm
-name
AssetImportWorker1
-projectPath
C:/Users/Nintoryan/Documents/GitHub/StrechFace
-logFile
Logs/AssetImportWorker1.log
-srvPort
49896
Successfully changed project path to: C:/Users/Nintoryan/Documents/GitHub/StrechFace
C:/Users/Nintoryan/Documents/GitHub/StrechFace
Using Asset Import Pipeline V2.
Refreshing native plugins compatible for Editor in 72.93 ms, found 2 plugins.
Preloading 0 native plugins for Editor in 0.00 ms.
Initialize engine version: 2020.3.11f1 (99c7afb366b3)
[Subsystems] Discovering subsystems at path C:/Program Files/Unity/Hub/Editor/2020.3.11f1/Editor/Data/Resources/UnitySubsystems
[Subsystems] Discovering subsystems at path C:/Users/Nintoryan/Documents/GitHub/StrechFace/Assets
GfxDevice: creating device client; threaded=0
Direct3D:
    Version:  Direct3D 11.0 [level 11.1]
    Renderer: NVIDIA GeForce GTX 1650 (ID=0x1f91)
    Vendor:   
    VRAM:     3962 MB
    Driver:   27.21.14.5206
Initialize mono
Mono path[0] = 'C:/Program Files/Unity/Hub/Editor/2020.3.11f1/Editor/Data/Managed'
Mono path[1] = 'C:/Program Files/Unity/Hub/Editor/2020.3.11f1/Editor/Data/MonoBleedingEdge/lib/mono/unityjit'
Mono config path = 'C:/Program Files/Unity/Hub/Editor/2020.3.11f1/Editor/Data/MonoBleedingEdge/etc'
Using monoOptions --debugger-agent=transport=dt_socket,embedding=1,server=y,suspend=n,address=127.0.0.1:56072
Begin MonoManager ReloadAssembly
Registering precompiled unity dll's ...
Register platform support module: C:/Program Files/Unity/Hub/Editor/2020.3.11f1/Editor/Data/PlaybackEngines/MacStandaloneSupport/UnityEditor.OSXStandalone.Extensions.dll
Register platform support module: C:/Program Files/Unity/Hub/Editor/2020.3.11f1/Editor/Data/PlaybackEngines/WindowsStandaloneSupport/UnityEditor.WindowsStandalone.Extensions.dll
Registered in 0.003240 seconds.
Native extension for WindowsStandalone target not found
Native extension for OSXStandalone target not found
Refreshing native plugins compatible for Editor in 50.26 ms, found 2 plugins.
Preloading 0 native plugins for Editor in 0.00 ms.
Mono: successfully reloaded assembly
- Completed reload, in  5.189 seconds
Platform modules already initialized, skipping
Registering precompiled user dll's ...
Registered in 0.006424 seconds.
Begin MonoManager ReloadAssembly
Native extension for WindowsStandalone target not found
Native extension for OSXStandalone target not found
Refreshing native plugins compatible for Editor in 0.48 ms, found 2 plugins.
Preloading 0 native plugins for Editor in 0.00 ms.
Mono: successfully reloaded assembly
- Completed reload, in  1.384 seconds
Platform modules already initialized, skipping
========================================================================
Worker process is ready to serve import requests
Launched and connected shader compiler UnityShaderCompiler.exe after 0.09 seconds
Refreshing native plugins compatible for Editor in 0.46 ms, found 2 plugins.
Preloading 0 native plugins for Editor in 0.00 ms.
Unloading 1560 Unused Serialized files (Serialized files now loaded: 0)
System memory in use before: 72.9 MB.
System memory in use after: 73.0 MB.

Unloading 24 unused Assets to reduce memory usage. Loaded Objects now: 2000.
Total: 2.393100 ms (FindLiveObjects: 0.216700 ms CreateObjectMapping: 0.041000 ms MarkObjects: 2.030500 ms  DeleteObjects: 0.103200 ms)

========================================================================
Received Import Request.
  path: Assets/Plugins/Demigiant/DOTween/Editor/Imgs/Header.jpg
  artifactKey: Guid(78a59ca99f8987941adb61f9e14a06a7) Importer(815301076,1909f56bfc062723c751e8b465ee728b)
Start importing Assets/Plugins/Demigiant/DOTween/Editor/Imgs/Header.jpg using Guid(78a59ca99f8987941adb61f9e14a06a7) Importer(815301076,1909f56bfc062723c751e8b465ee728b)  -> (artifact id: '0b60bce23dfa2423a099dabdc61da289') in 0.075914 seconds
  Import took 0.079079 seconds .

========================================================================
Received Import Request.
  Time since last request: 0.000256 seconds.
  path: Assets/Fonts/Baloo2-Bold SDF.asset
  artifactKey: Guid(b1edb1ee7f02aa943b4c22fb987b4f9d) Importer(815301076,1909f56bfc062723c751e8b465ee728b)
Start importing Assets/Fonts/Baloo2-Bold SDF.asset using Guid(b1edb1ee7f02aa943b4c22fb987b4f9d) Importer(815301076,1909f56bfc062723c751e8b465ee728b)  -> (artifact id: 'cf68443c21b187b78d2be3dab6297a29') in 0.136190 seconds
  Import took 0.140422 seconds .

========================================================================
Received Import Request.
  Time since last request: 0.000252 seconds.
  path: Assets/Plugins/Demigiant/DOTween/Editor/Imgs/Footer.png
  artifactKey: Guid(7051dba417b3d53409f2918f1ea4938d) Importer(815301076,1909f56bfc062723c751e8b465ee728b)
Start importing Assets/Plugins/Demigiant/DOTween/Editor/Imgs/Footer.png using Guid(7051dba417b3d53409f2918f1ea4938d) Importer(815301076,1909f56bfc062723c751e8b465ee728b)  -> (artifact id: '72ca2b7601fd6fadfe8be931b1d8975c') in 0.014143 seconds
  Import took 0.018548 seconds .

========================================================================
Received Import Request.
  Time since last request: 0.000239 seconds.
  path: Assets/MPUIKit/Editor/Images/flip_v_0.png
  artifactKey: Guid(433dc7f6ca55dda4aaed66f61ded97e0) Importer(815301076,1909f56bfc062723c751e8b465ee728b)
Start importing Assets/MPUIKit/Editor/Images/flip_v_0.png using Guid(433dc7f6ca55dda4aaed66f61ded97e0) Importer(815301076,1909f56bfc062723c751e8b465ee728b)  -> (artifact id: '1ba6bf2c1155e9bb67ca326c7f5f49f5') in 0.013842 seconds
  Import took 0.017105 seconds .

========================================================================
Received Import Request.
  Time since last request: 0.000276 seconds.
  path: Assets/MPUIKit/Editor/Images/rotate_left_2.png
  artifactKey: Guid(0d26fbf225e256240bb774a29d43c174) Importer(815301076,1909f56bfc062723c751e8b465ee728b)
Start importing Assets/MPUIKit/Editor/Images/rotate_left_2.png using Guid(0d26fbf225e256240bb774a29d43c174) Importer(815301076,1909f56bfc062723c751e8b465ee728b)  -> (artifact id: 'bba2fe405234673845ac389d3204462d') in 0.010919 seconds
  Import took 0.014175 seconds .

========================================================================
Received Import Request.
  Time since last request: 0.000242 seconds.
  path: Assets/MPUIKit/Editor/Images/flip_h_3.png
  artifactKey: Guid(30771270a2bd2f4409feadba3a9fc9e9) Importer(815301076,1909f56bfc062723c751e8b465ee728b)
Start importing Assets/MPUIKit/Editor/Images/flip_h_3.png using Guid(30771270a2bd2f4409feadba3a9fc9e9) Importer(815301076,1909f56bfc062723c751e8b465ee728b)  -> (artifact id: 'a6b4abe6410495f92dbbfca1fb8fd2ef') in 0.011602 seconds
  Import took 0.015394 seconds .

========================================================================
Received Import Request.
  Time since last request: 0.000361 seconds.
  path: Assets/MPUIKit/Editor/Images/rotate_left_0.png
  artifactKey: Guid(2d1f072a775a3ce4091efc83457078c1) Importer(815301076,1909f56bfc062723c751e8b465ee728b)
Start importing Assets/MPUIKit/Editor/Images/rotate_left_0.png using Guid(2d1f072a775a3ce4091efc83457078c1) Importer(815301076,1909f56bfc062723c751e8b465ee728b)  -> (artifact id: '95e1c116ed07de2dd635b4c969ef1e79') in 0.013352 seconds
  Import took 0.018479 seconds .

========================================================================
Received Import Request.
  Time since last request: 0.000271 seconds.
  path: Assets/MPUIKit/Editor/Images/title.png
  artifactKey: Guid(a2dcf70d1c4d4c4428dfb453aadfc4dc) Importer(815301076,1909f56bfc062723c751e8b465ee728b)
Start importing Assets/MPUIKit/Editor/Images/title.png using Guid(a2dcf70d1c4d4c4428dfb453aadfc4dc) Importer(815301076,1909f56bfc062723c751e8b465ee728b)  -> (artifact id: '1be56e116bcafa2b8282a86ef080a567') in 0.013346 seconds
  Import took 0.016483 seconds .

========================================================================
Received Import Request.
  Time since last request: 0.000335 seconds.
  path: Assets/MPUIKit/Editor/Images/background.png
  artifactKey: Guid(fc2679c53c135d6439749bc914f017c7) Importer(815301076,1909f56bfc062723c751e8b465ee728b)
Start importing Assets/MPUIKit/Editor/Images/background.png using Guid(fc2679c53c135d6439749bc914f017c7) Importer(815301076,1909f56bfc062723c751e8b465ee728b)  -> (artifact id: 'c060f12685a277eddfbafdff718b8f85') in 0.030313 seconds
  Import took 0.033841 seconds .

========================================================================
Received Import Request.
  Time since last request: 0.000227 seconds.
  path: Assets/Plugins/Demigiant/DOTween/Editor/Imgs/Footer_dark.png
  artifactKey: Guid(519694efe2bb2914788b151fbd8c01f4) Importer(815301076,1909f56bfc062723c751e8b465ee728b)
Start importing Assets/Plugins/Demigiant/DOTween/Editor/Imgs/Footer_dark.png using Guid(519694efe2bb2914788b151fbd8c01f4) Importer(815301076,1909f56bfc062723c751e8b465ee728b)  -> (artifact id: '70c47cc9a6a2802a6f8f1f9b639f90ef') in 0.014502 seconds
  Import took 0.019250 seconds .

========================================================================
Received Import Request.
  Time since last request: 0.000280 seconds.
  path: Assets/MPUIKit/Editor/Images/rotate_left_3.png
  artifactKey: Guid(3d59d8c1ca0ebeb4ba5322f57f3a1cbf) Importer(815301076,1909f56bfc062723c751e8b465ee728b)
Start importing Assets/MPUIKit/Editor/Images/rotate_left_3.png using Guid(3d59d8c1ca0ebeb4ba5322f57f3a1cbf) Importer(815301076,1909f56bfc062723c751e8b465ee728b)  -> (artifact id: '4a09dd3d9097844133d1914b60f13c68') in 0.011435 seconds
  Import took 0.015470 seconds .

========================================================================
Received Import Request.
  Time since last request: 0.000230 seconds.
  path: Assets/Plugins/Demigiant/DOTween/Editor/Imgs/DOTweenIcon.png
  artifactKey: Guid(8da095e39e9b4df488dfd436f81116d6) Importer(815301076,1909f56bfc062723c751e8b465ee728b)
Start importing Assets/Plugins/Demigiant/DOTween/Editor/Imgs/DOTweenIcon.png using Guid(8da095e39e9b4df488dfd436f81116d6) Importer(815301076,1909f56bfc062723c751e8b465ee728b)  -> (artifact id: '966422e6960c843af5f3403db73d6d33') in 0.023243 seconds
  Import took 0.026524 seconds .

========================================================================
Received Import Request.
  Time since last request: 0.000234 seconds.
  path: Assets/MPUIKit/Editor/Images/flip_h_1.png
  artifactKey: Guid(909ed2453e96f58469413d872d9514f2) Importer(815301076,1909f56bfc062723c751e8b465ee728b)
Start importing Assets/MPUIKit/Editor/Images/flip_h_1.png using Guid(909ed2453e96f58469413d872d9514f2) Importer(815301076,1909f56bfc062723c751e8b465ee728b)  -> (artifact id: 'e044fb7bdd2371b2e05e102823898801') in 0.011389 seconds
  Import took 0.015721 seconds .

========================================================================
Received Import Request.
  Time since last request: 0.000264 seconds.
  path: Assets/TextMesh Pro/Sprites/EmojiOne.png
  artifactKey: Guid(dffef66376be4fa480fb02b19edbe903) Importer(815301076,1909f56bfc062723c751e8b465ee728b)
Start importing Assets/TextMesh Pro/Sprites/EmojiOne.png using Guid(dffef66376be4fa480fb02b19edbe903) Importer(815301076,1909f56bfc062723c751e8b465ee728b)  -> (artifact id: '1bdbab79574d9199534a6046307e1746') in 0.020925 seconds
  Import took 0.024742 seconds .

========================================================================
Received Import Request.
  Time since last request: 0.000256 seconds.
  path: Assets/Fonts/Baloo2-ExtraBold SDF.asset
  artifactKey: Guid(dbe1707da2fd279488a8b784f731ab84) Importer(815301076,1909f56bfc062723c751e8b465ee728b)
Start importing Assets/Fonts/Baloo2-ExtraBold SDF.asset using Guid(dbe1707da2fd279488a8b784f731ab84) Importer(815301076,1909f56bfc062723c751e8b465ee728b)  -> (artifact id: 'fe96e80e3b15ec0f892920ceb68df43a') in 0.044635 seconds
  Import took 0.048170 seconds .

========================================================================
Received Import Request.
  Time since last request: 0.000217 seconds.
  path: Assets/MPUIKit/Editor/Images/rotate_right_0.png
  artifactKey: Guid(5b159abd08591a44da0189ddd60f268c) Importer(815301076,1909f56bfc062723c751e8b465ee728b)
Start importing Assets/MPUIKit/Editor/Images/rotate_right_0.png using Guid(5b159abd08591a44da0189ddd60f268c) Importer(815301076,1909f56bfc062723c751e8b465ee728b)  -> (artifact id: '2dccaf982dfefcdb6dc93a140dd45a6b') in 0.010000 seconds
  Import took 0.014141 seconds .

========================================================================
Received Import Request.
  Time since last request: 0.000240 seconds.
  path: Assets/MPUIKit/Editor/Images/flip_h_2.png
  artifactKey: Guid(f5ba0cbf55aa907498bc5d9ff5e444fe) Importer(815301076,1909f56bfc062723c751e8b465ee728b)
Start importing Assets/MPUIKit/Editor/Images/flip_h_2.png using Guid(f5ba0cbf55aa907498bc5d9ff5e444fe) Importer(815301076,1909f56bfc062723c751e8b465ee728b)  -> (artifact id: '6fa75d1f07993673cfeee3a6ff4f3961') in 0.010422 seconds
  Import took 0.013981 seconds .

========================================================================
Received Import Request.
  Time since last request: 0.000212 seconds.
  path: Assets/MPUIKit/Editor/Images/logo.png
  artifactKey: Guid(ed7c0349ea442c7468846ed9a15d6767) Importer(815301076,1909f56bfc062723c751e8b465ee728b)
Start importing Assets/MPUIKit/Editor/Images/logo.png using Guid(ed7c0349ea442c7468846ed9a15d6767) Importer(815301076,1909f56bfc062723c751e8b465ee728b)  -> (artifact id: '338855511731a5f3b511ac3e949e5aec') in 0.019054 seconds
  Import took 0.022037 seconds .

========================================================================
Received Import Request.
  Time since last request: 0.000211 seconds.
  path: Assets/MPUIKit/Editor/Images/rotate_left_1.png
  artifactKey: Guid(b8059e7446805dd40b70642e58f171db) Importer(815301076,1909f56bfc062723c751e8b465ee728b)
Start importing Assets/MPUIKit/Editor/Images/rotate_left_1.png using Guid(b8059e7446805dd40b70642e58f171db) Importer(815301076,1909f56bfc062723c751e8b465ee728b)  -> (artifact id: '0ada06ec619889ea55386e3b5547e725') in 0.011340 seconds
  Import took 0.014778 seconds .

========================================================================
Received Import Request.
  Time since last request: 0.000229 seconds.
  path: Assets/MPUIKit/Editor/Images/rotate_right_1.png
  artifactKey: Guid(8c982da53e6cb914388752101293948a) Importer(815301076,1909f56bfc062723c751e8b465ee728b)
Start importing Assets/MPUIKit/Editor/Images/rotate_right_1.png using Guid(8c982da53e6cb914388752101293948a) Importer(815301076,1909f56bfc062723c751e8b465ee728b)  -> (artifact id: '846cf3e6b4c81b01c2c6fbdade4239d9') in 0.010792 seconds
  Import took 0.014817 seconds .

========================================================================
Received Import Request.
  Time since last request: 0.000225 seconds.
  path: Assets/MPUIKit/Editor/Images/flip_h_0.png
  artifactKey: Guid(2b75b377ce173b342846139114db41c0) Importer(815301076,1909f56bfc062723c751e8b465ee728b)
Start importing Assets/MPUIKit/Editor/Images/flip_h_0.png using Guid(2b75b377ce173b342846139114db41c0) Importer(815301076,1909f56bfc062723c751e8b465ee728b)  -> (artifact id: 'c0d5fcce43f775c2b3279c5130f32952') in 0.009310 seconds
  Import took 0.012287 seconds .

========================================================================
Received Import Request.
  Time since last request: 0.000222 seconds.
  path: Assets/MPUIKit/Editor/Images/flip_v_2.png
  artifactKey: Guid(4df45fbb9245e5d41bc81708f0e99416) Importer(815301076,1909f56bfc062723c751e8b465ee728b)
Start importing Assets/MPUIKit/Editor/Images/flip_v_2.png using Guid(4df45fbb9245e5d41bc81708f0e99416) Importer(815301076,1909f56bfc062723c751e8b465ee728b)  -> (artifact id: 'b07d15e8cf930712a5d065f295c0f6f4') in 0.009498 seconds
  Import took 0.013442 seconds .

========================================================================
Received Import Request.
  Time since last request: 0.000241 seconds.
  path: Assets/MPUIKit/Editor/Images/rotate_right_3.png
  artifactKey: Guid(68519222aeac862479f7ef5cc8c995cd) Importer(815301076,1909f56bfc062723c751e8b465ee728b)
Start importing Assets/MPUIKit/Editor/Images/rotate_right_3.png using Guid(68519222aeac862479f7ef5cc8c995cd) Importer(815301076,1909f56bfc062723c751e8b465ee728b)  -> (artifact id: '1096bbcb32f3b1869e3e834aed589365') in 0.011719 seconds
  Import took 0.016087 seconds .

========================================================================
Received Import Request.
  Time since last request: 0.000243 seconds.
  path: Assets/MPUIKit/Editor/Images/flip_v_3.png
  artifactKey: Guid(7179a1b48ada8c44b9223fdcbf5b672c) Importer(815301076,1909f56bfc062723c751e8b465ee728b)
Start importing Assets/MPUIKit/Editor/Images/flip_v_3.png using Guid(7179a1b48ada8c44b9223fdcbf5b672c) Importer(815301076,1909f56bfc062723c751e8b465ee728b)  -> (artifact id: '289c1989dc83bc8f02cbe97b9b90cf3b') in 0.010149 seconds
  Import took 0.013985 seconds .

========================================================================
Received Import Request.
  Time since last request: 0.000199 seconds.
  path: Assets/MPUIKit/Editor/Images/flip_v_1.png
  artifactKey: Guid(55d0889b3d34fd643bddd75020104564) Importer(815301076,1909f56bfc062723c751e8b465ee728b)
Start importing Assets/MPUIKit/Editor/Images/flip_v_1.png using Guid(55d0889b3d34fd643bddd75020104564) Importer(815301076,1909f56bfc062723c751e8b465ee728b)  -> (artifact id: '13a6c215ea5e16a7f9106cf1628e7789') in 0.011169 seconds
  Import took 0.014999 seconds .

========================================================================
Received Import Request.
  Time since last request: 0.000242 seconds.
  path: Assets/MPUIKit/Editor/Images/rotate_right_2.png
  artifactKey: Guid(691588d46541ae24fb0e81b16fdee53a) Importer(815301076,1909f56bfc062723c751e8b465ee728b)
Start importing Assets/MPUIKit/Editor/Images/rotate_right_2.png using Guid(691588d46541ae24fb0e81b16fdee53a) Importer(815301076,1909f56bfc062723c751e8b465ee728b)  -> (artifact id: '8cd22bc5d8324446708d070ca57db249') in 0.010012 seconds
  Import took 0.013634 seconds .

========================================================================
Received Prepare
Refreshing native plugins compatible for Editor in 8.89 ms, found 2 plugins.
Preloading 0 native plugins for Editor in 0.00 ms.
Unloading 17 Unused Serialized files (Serialized files now loaded: 0)
System memory in use before: 45.3 MB.
System memory in use after: 45.4 MB.

Unloading 17 unused Assets to reduce memory usage. Loaded Objects now: 2051.
Total: 3.879300 ms (FindLiveObjects: 0.258300 ms CreateObjectMapping: 0.049300 ms MarkObjects: 3.541200 ms  DeleteObjects: 0.028700 ms)

========================================================================
Received Prepare
Refreshing native plugins compatible for Editor in 6.97 ms, found 2 plugins.
Preloading 0 native plugins for Editor in 0.00 ms.
Unloading 17 Unused Serialized files (Serialized files now loaded: 0)
System memory in use before: 45.3 MB.
System memory in use after: 45.4 MB.

Unloading 17 unused Assets to reduce memory usage. Loaded Objects now: 2051.
Total: 3.561000 ms (FindLiveObjects: 0.234000 ms CreateObjectMapping: 0.043200 ms MarkObjects: 3.255100 ms  DeleteObjects: 0.027300 ms)

