Using pre-set license
Built from '2021.1/staging' branch; Version is '2021.1.6f1 (c0fade0cc7e9) revision 12647134'; Using compiler version '192528614'; Build Type 'Release'
OS: 'Windows 10 Education; OS build 19041.1083; Version 2004; 64bit' Language: 'ru' Physical Memory: 15805 MB
BatchMode: 1, IsHumanControllingUs: 0, StartBugReporterOnCrash: 0, Is64bit: 1, IsPro: 0

 COMMAND LINE ARGUMENTS:
C:\Program Files\Unity\Hub\Editor\2021.1.6f1\Editor\Unity.exe
-adb2
-batchMode
-noUpm
-name
AssetImportWorker0
-projectPath
C:/Users/Nintoryan/Documents/GitHub/StrechFace
-logFile
Logs/AssetImportWorker0.log
-srvPort
51224
Successfully changed project path to: C:/Users/Nintoryan/Documents/GitHub/StrechFace
C:/Users/Nintoryan/Documents/GitHub/StrechFace
Using Asset Import Pipeline V2.
Refreshing native plugins compatible for Editor in 40.18 ms, found 0 plugins.
Preloading 0 native plugins for Editor in 0.00 ms.
Initialize engine version: 2021.1.6f1 (c0fade0cc7e9)
[Subsystems] Discovering subsystems at path C:/Program Files/Unity/Hub/Editor/2021.1.6f1/Editor/Data/Resources/UnitySubsystems
[Subsystems] Discovering subsystems at path C:/Users/Nintoryan/Documents/GitHub/StrechFace/Assets
GfxDevice: creating device client; threaded=0; jobified=0
Direct3D:
    Version:  Direct3D 11.0 [level 11.1]
    Renderer: NVIDIA GeForce GTX 1650 (ID=0x1f91)
    Vendor:   NVIDIA
    VRAM:     3962 MB
    Driver:   27.21.14.5206
Initialize mono
Mono path[0] = 'C:/Program Files/Unity/Hub/Editor/2021.1.6f1/Editor/Data/Managed'
Mono path[1] = 'C:/Program Files/Unity/Hub/Editor/2021.1.6f1/Editor/Data/MonoBleedingEdge/lib/mono/unityjit'
Mono config path = 'C:/Program Files/Unity/Hub/Editor/2021.1.6f1/Editor/Data/MonoBleedingEdge/etc'
Using monoOptions --debugger-agent=transport=dt_socket,embedding=1,server=y,suspend=n,address=127.0.0.1:56828
Begin MonoManager ReloadAssembly
Registering precompiled unity dll's ...
Register platform support module: C:/Program Files/Unity/Hub/Editor/2021.1.6f1/Editor/Data/PlaybackEngines/MacStandaloneSupport/UnityEditor.OSXStandalone.Extensions.dll
Register platform support module: C:/Program Files/Unity/Hub/Editor/2021.1.6f1/Editor/Data/PlaybackEngines/WindowsStandaloneSupport/UnityEditor.WindowsStandalone.Extensions.dll
Registered in 0.003161 seconds.
Native extension for WindowsStandalone target not found
Native extension for OSXStandalone target not found
Refreshing native plugins compatible for Editor in 22.19 ms, found 0 plugins.
Preloading 0 native plugins for Editor in 0.00 ms.
Mono: successfully reloaded assembly
- Completed reload, in  2.505 seconds
Platform modules already initialized, skipping
Registering precompiled user dll's ...
Registered in 0.015411 seconds.
Begin MonoManager ReloadAssembly
Native extension for WindowsStandalone target not found
Native extension for OSXStandalone target not found
Refreshing native plugins compatible for Editor in 1.16 ms, found 0 plugins.
Preloading 0 native plugins for Editor in 0.00 ms.
Mono: successfully reloaded assembly
- Completed reload, in  1.881 seconds
Platform modules already initialized, skipping
========================================================================
Worker process is ready to serve import requests
Launched and connected shader compiler UnityShaderCompiler.exe after 0.23 seconds
Refreshing native plugins compatible for Editor in 0.92 ms, found 0 plugins.
Preloading 0 native plugins for Editor in 0.00 ms.
Unloading 713 Unused Serialized files (Serialized files now loaded: 0)
System memory in use before: 50.7 MB.
System memory in use after: 50.7 MB.

Unloading 74 unused Assets to reduce memory usage. Loaded Objects now: 1144.
Total: 2.984700 ms (FindLiveObjects: 0.146100 ms CreateObjectMapping: 0.028500 ms MarkObjects: 2.693600 ms  DeleteObjects: 0.114600 ms)

========================================================================
Received Import Request.
  path: Assets/Plugins/Android/mainTemplate.gradle
  artifactKey: Guid(e0ab70eccb5034b82a436c28d4313164) Importer(815301076,1909f56bfc062723c751e8b465ee728b)
Start importing Assets/Plugins/Android/mainTemplate.gradle using Guid(e0ab70eccb5034b82a436c28d4313164) Importer(815301076,1909f56bfc062723c751e8b465ee728b)  -> (artifact id: 'dbeb84b72e596fcdb91c0850ffafcc49') in 0.062972 seconds 
========================================================================
Received Import Request.
  Time since last request: 0.000365 seconds.
  path: Assets/Plugins/Android/mainTemplate.gradle.backup
  artifactKey: Guid(e64f5274db2ff684aa0a0fb0be944011) Importer(815301076,1909f56bfc062723c751e8b465ee728b)
Start importing Assets/Plugins/Android/mainTemplate.gradle.backup using Guid(e64f5274db2ff684aa0a0fb0be944011) Importer(815301076,1909f56bfc062723c751e8b465ee728b)  -> (artifact id: '749719f93086782a792baf8010f3b9c1') in 0.008058 seconds 
========================================================================
Received Import Request.
  Time since last request: 5.785375 seconds.
  path: Assets/Plugins/Android/mainTemplate.gradle.backup2
  artifactKey: Guid(292bb2664f33d3f42bfcc74955efadb7) Importer(815301076,1909f56bfc062723c751e8b465ee728b)
Start importing Assets/Plugins/Android/mainTemplate.gradle.backup2 using Guid(292bb2664f33d3f42bfcc74955efadb7) Importer(815301076,1909f56bfc062723c751e8b465ee728b)  -> (artifact id: 'ed4f2a65773da62f0548862630aa2ab7') in 0.004931 seconds 
========================================================================
Received Prepare
Refreshing native plugins compatible for Editor in 39.57 ms, found 0 plugins.
Preloading 0 native plugins for Editor in 0.00 ms.
Unloading 128 Unused Serialized files (Serialized files now loaded: 0)
System memory in use before: 38.0 MB.
System memory in use after: 38.0 MB.

Unloading 128 unused Assets to reduce memory usage. Loaded Objects now: 1144.
Total: 2.556600 ms (FindLiveObjects: 0.111400 ms CreateObjectMapping: 0.020100 ms MarkObjects: 2.370100 ms  DeleteObjects: 0.053900 ms)

========================================================================
Received Prepare
Refreshing native plugins compatible for Editor in 46.97 ms, found 0 plugins.
Preloading 0 native plugins for Editor in 0.00 ms.
Unloading 128 Unused Serialized files (Serialized files now loaded: 0)
System memory in use before: 38.0 MB.
System memory in use after: 38.0 MB.

Unloading 128 unused Assets to reduce memory usage. Loaded Objects now: 1144.
Total: 2.603100 ms (FindLiveObjects: 0.110100 ms CreateObjectMapping: 0.020700 ms MarkObjects: 2.420700 ms  DeleteObjects: 0.049700 ms)

========================================================================
Received Import Request.
  Time since last request: 470.255251 seconds.
  path: Assets/Plugins/Android/AndroidManifest.xml
  artifactKey: Guid(4a345d9a281d34aaa927e6e1c1182e29) Importer(815301076,1909f56bfc062723c751e8b465ee728b)
Start importing Assets/Plugins/Android/AndroidManifest.xml using Guid(4a345d9a281d34aaa927e6e1c1182e29) Importer(815301076,1909f56bfc062723c751e8b465ee728b)  -> (artifact id: '1725a632b246cf95b181b9aef568c87d') in 0.010654 seconds 
========================================================================
Received Import Request.
  Time since last request: 165.385413 seconds.
  path: Assets/Resources/GameAnalytics/Settings.asset
  artifactKey: Guid(5aae07aedd5b8864aa186d79546dfb76) Importer(815301076,1909f56bfc062723c751e8b465ee728b)
Start importing Assets/Resources/GameAnalytics/Settings.asset using Guid(5aae07aedd5b8864aa186d79546dfb76) Importer(815301076,1909f56bfc062723c751e8b465ee728b)  -> (artifact id: 'adfdbb0e3440f89932f25211e44ef61e') in 0.014443 seconds 
